[debug] [2022-11-27T06:37:08.940Z] ----------------------------------------------------------------------
[debug] [2022-11-27T06:37:08.944Z] Command:       C:\Program Files\nodejs\node.exe C:\Users\advay\AppData\Roaming\npm\node_modules\firebase-tools\lib\bin\firebase.js init hosting
[debug] [2022-11-27T06:37:08.944Z] CLI Version:   11.16.1
[debug] [2022-11-27T06:37:08.944Z] Platform:      win32
[debug] [2022-11-27T06:37:08.944Z] Node Version:  v16.17.0
[debug] [2022-11-27T06:37:08.946Z] Time:          Sat Nov 26 2022 22:37:08 GMT-0800 (Pacific Standard Time)
[debug] [2022-11-27T06:37:08.946Z] ----------------------------------------------------------------------
[debug] 
[debug] [2022-11-27T06:37:08.956Z] > command requires scopes: ["email","openid","https://www.googleapis.com/auth/cloudplatformprojects.readonly","https://www.googleapis.com/auth/firebase","https://www.googleapis.com/auth/cloud-platform"]
[debug] [2022-11-27T06:37:08.957Z] > authorizing via signed-in user (advaypatil27@gmail.com)
[info] 
     ######## #### ########  ######## ########     ###     ######  ########
     ##        ##  ##     ## ##       ##     ##  ##   ##  ##       ##
     ######    ##  ########  ######   ########  #########  ######  ######
     ##        ##  ##    ##  ##       ##     ## ##     ##       ## ##
     ##       #### ##     ## ######## ########  ##     ##  ######  ########

You're about to initialize a Firebase project in this directory:

  C:\Users\advay\OneDrive\Desktop\Programming\github\aia-website

[info] 
=== Project Setup
[info] 
[info] First, let's associate this project directory with a Firebase project.
[info] You can create multiple project aliases by running firebase use --add, 
[info] but for now we'll just set up a default project.
[info] 
[debug] [2022-11-27T06:37:13.711Z] >>> [apiv2][query] GET https://firebase.googleapis.com/v1beta1/projects pageSize=100
[debug] [2022-11-27T06:37:14.828Z] <<< [apiv2][status] GET https://firebase.googleapis.com/v1beta1/projects 200
[debug] [2022-11-27T06:37:14.828Z] <<< [apiv2][body] GET https://firebase.googleapis.com/v1beta1/projects [omitted]
[info] i  Using project all-in-all-3b68b (all-in-all) 
[info] 
=== Hosting Setup
[info] 
[info] Your public directory is the folder (relative to your project directory) that
[info] will contain Hosting assets to be uploaded with firebase deploy. If you
[info] have a build process for your assets, use your build's output directory.
[info] 
